0 info it worked if it ends with ok
1 verbose cli [ '/usr/bin/node', '/usr/bin/npm', 'run', 'sharuMaster' ]
2 info using npm@3.5.2
3 info using node@v8.10.0
4 verbose run-script [ 'presharuMaster', 'sharuMaster', 'postsharuMaster' ]
5 info lifecycle sharu-pinning@0.1.0~presharuMaster: sharu-pinning@0.1.0
6 silly lifecycle sharu-pinning@0.1.0~presharuMaster: no script for presharuMaster, continuing
7 info lifecycle sharu-pinning@0.1.0~sharuMaster: sharu-pinning@0.1.0
8 verbose lifecycle sharu-pinning@0.1.0~sharuMaster: unsafe-perm in lifecycle true
9 verbose lifecycle sharu-pinning@0.1.0~sharuMaster: PATH: /usr/share/npm/bin/node-gyp-bin:/home/schuppi/workspace/sharu/sharu-pinning/node_modules/.bin:/usr/local/sbin:/usr/local/bin:/usr/sbin:/usr/bin:/sbin:/bin:/usr/games:/usr/local/games:/snap/bin
10 verbose lifecycle sharu-pinning@0.1.0~sharuMaster: CWD: /home/schuppi/workspace/sharu/sharu-pinning
11 silly lifecycle sharu-pinning@0.1.0~sharuMaster: Args: [ '-c', 'SHARUMASTER=true ts-node src/index.ts' ]
12 silly lifecycle sharu-pinning@0.1.0~sharuMaster: Returned: code: 1  signal: null
13 info lifecycle sharu-pinning@0.1.0~sharuMaster: Failed to exec sharuMaster script
14 verbose stack Error: sharu-pinning@0.1.0 sharuMaster: `SHARUMASTER=true ts-node src/index.ts`
14 verbose stack Exit status 1
14 verbose stack     at EventEmitter.<anonymous> (/usr/share/npm/lib/utils/lifecycle.js:232:16)
14 verbose stack     at emitTwo (events.js:126:13)
14 verbose stack     at EventEmitter.emit (events.js:214:7)
14 verbose stack     at ChildProcess.<anonymous> (/usr/share/npm/lib/utils/spawn.js:24:14)
14 verbose stack     at emitTwo (events.js:126:13)
14 verbose stack     at ChildProcess.emit (events.js:214:7)
14 verbose stack     at maybeClose (internal/child_process.js:925:16)
14 verbose stack     at Process.ChildProcess._handle.onexit (internal/child_process.js:209:5)
15 verbose pkgid sharu-pinning@0.1.0
16 verbose cwd /home/schuppi/workspace/sharu/sharu-pinning
17 error Linux 4.15.0-45-generic
18 error argv "/usr/bin/node" "/usr/bin/npm" "run" "sharuMaster"
19 error node v8.10.0
20 error npm  v3.5.2
21 error code ELIFECYCLE
22 error sharu-pinning@0.1.0 sharuMaster: `SHARUMASTER=true ts-node src/index.ts`
22 error Exit status 1
23 error Failed at the sharu-pinning@0.1.0 sharuMaster script 'SHARUMASTER=true ts-node src/index.ts'.
23 error Make sure you have the latest version of node.js and npm installed.
23 error If you do, this is most likely a problem with the sharu-pinning package,
23 error not with npm itself.
23 error Tell the author that this fails on your system:
23 error     SHARUMASTER=true ts-node src/index.ts
23 error You can get information on how to open an issue for this project with:
23 error     npm bugs sharu-pinning
23 error Or if that isn't available, you can get their info via:
23 error     npm owner ls sharu-pinning
23 error There is likely additional logging output above.
24 verbose exit [ 1, true ]
